E, [2012-09-08T18:05:54.890323 #12567] ERROR -- : adding listener failed addr=/tmp/unicorn.todo.sock (in use)
E, [2012-09-08T18:05:54.890892 #12567] ERROR -- : retrying in 0.5 seconds (4 tries left)
E, [2012-09-08T18:05:55.391504 #12567] ERROR -- : adding listener failed addr=/tmp/unicorn.todo.sock (in use)
E, [2012-09-08T18:05:55.391626 #12567] ERROR -- : retrying in 0.5 seconds (3 tries left)
E, [2012-09-08T18:05:55.892225 #12567] ERROR -- : adding listener failed addr=/tmp/unicorn.todo.sock (in use)
E, [2012-09-08T18:05:55.892328 #12567] ERROR -- : retrying in 0.5 seconds (2 tries left)
E, [2012-09-08T18:05:56.392871 #12567] ERROR -- : adding listener failed addr=/tmp/unicorn.todo.sock (in use)
E, [2012-09-08T18:05:56.392977 #12567] ERROR -- : retrying in 0.5 seconds (1 tries left)
E, [2012-09-08T18:05:56.893585 #12567] ERROR -- : adding listener failed addr=/tmp/unicorn.todo.sock (in use)
E, [2012-09-08T18:05:56.893690 #12567] ERROR -- : retrying in 0.5 seconds (0 tries left)
E, [2012-09-08T18:05:57.394295 #12567] ERROR -- : adding listener failed addr=/tmp/unicorn.todo.sock (in use)
/usr/local/rvm/gems/ruby-1.9.3-p125@rails322/gems/unicorn-4.3.1/lib/unicorn/socket_helper.rb:140:in `initialize': Address already in use - /tmp/unicorn.todo.sock (Errno::EADDRINUSE)
	from /usr/local/rvm/gems/ruby-1.9.3-p125@rails322/gems/unicorn-4.3.1/lib/unicorn/socket_helper.rb:140:in `new'
	from /usr/local/rvm/gems/ruby-1.9.3-p125@rails322/gems/unicorn-4.3.1/lib/unicorn/socket_helper.rb:140:in `bind_listen'
	from /usr/local/rvm/gems/ruby-1.9.3-p125@rails322/gems/unicorn-4.3.1/lib/unicorn/http_server.rb:224:in `listen'
	from /usr/local/rvm/gems/ruby-1.9.3-p125@rails322/gems/unicorn-4.3.1/lib/unicorn/http_server.rb:741:in `block in inherit_listeners!'
	from /usr/local/rvm/gems/ruby-1.9.3-p125@rails322/gems/unicorn-4.3.1/lib/unicorn/http_server.rb:741:in `each'
	from /usr/local/rvm/gems/ruby-1.9.3-p125@rails322/gems/unicorn-4.3.1/lib/unicorn/http_server.rb:741:in `inherit_listeners!'
	from /usr/local/rvm/gems/ruby-1.9.3-p125@rails322/gems/unicorn-4.3.1/lib/unicorn/http_server.rb:123:in `start'
	from /usr/local/rvm/gems/ruby-1.9.3-p125@rails322/gems/unicorn-4.3.1/bin/unicorn:121:in `<top (required)>'
	from /usr/local/rvm/gems/ruby-1.9.3-p125@rails322/bin/unicorn:19:in `load'
	from /usr/local/rvm/gems/ruby-1.9.3-p125@rails322/bin/unicorn:19:in `<main>'
	from /usr/local/rvm/gems/ruby-1.9.3-p125@rails322/bin/ruby_noexec_wrapper:14:in `eval'
	from /usr/local/rvm/gems/ruby-1.9.3-p125@rails322/bin/ruby_noexec_wrapper:14:in `<main>'
